<?xml version="1.0" encoding="UTF-8"?>
<testng-results ignored="0" total="1" passed="1" failed="0" skipped="0">
  <reporter-output>
  </reporter-output>
  <suite started-at="2022-02-12T17:13:09Z" name="Default suite" finished-at="2022-02-12T17:13:20Z" duration-ms="10585">
    <groups>
    </groups>
    <test started-at="2022-02-12T17:13:09Z" name="Default test" finished-at="2022-02-12T17:13:20Z" duration-ms="10585">
      <class name="com.google.FirstTest">
        <test-method is-config="true" signature="beforeTest()[pri:0, instance:com.google.FirstTest@609db546]" started-at="2022-02-12T17:13:09Z" name="beforeTest" finished-at="2022-02-12T17:13:09Z" duration-ms="13" status="PASS">
          <reporter-output>
          </reporter-output>
        </test-method> <!-- beforeTest -->
        <test-method signature="googleTest()[pri:0, instance:com.google.FirstTest@609db546]" started-at="2022-02-12T17:13:09Z" name="googleTest" finished-at="2022-02-12T17:13:16Z" duration-ms="6376" status="PASS">
          <reporter-output>
          </reporter-output>
        </test-method> <!-- googleTest -->
        <test-method is-config="true" signature="afterTest()[pri:0, instance:com.google.FirstTest@609db546]" started-at="2022-02-12T17:13:16Z" name="afterTest" finished-at="2022-02-12T17:13:20Z" duration-ms="4158" status="PASS">
          <reporter-output>
          </reporter-output>
        </test-method> <!-- afterTest -->
      </class> <!-- com.google.FirstTest -->
    </test> <!-- Default test -->
  </suite> <!-- Default suite -->
</testng-results>
